<?xml version="1.0" encoding="UTF-8"?>
<!-- Generated by org.testng.reporters.JUnitReportReporter -->
<testsuite hostname="LAPTOP-3624LDU7" failures="0" tests="3" name="testdataprovi" time="0.028" errors="0" timestamp="2020-01-09T14:30:41 IST" skipped="0">
  <testcase classname="testdataprovi" name="test" time="0.005"/>
  <testcase classname="testdataprovi" name="test" time="0.003"/>
  <testcase classname="testdataprovi" name="test" time="0.020"/>
</testsuite> <!-- testdataprovi -->
