<?xml version="1.0" encoding="UTF-8"?>
<!-- Generated by org.testng.reporters.JUnitReportReporter -->
<testsuite hostname="LAPTOP-3624LDU7" failures="0" tests="4" name="testng_dependsonmethods" time="0.028" errors="0" timestamp="2020-01-07T14:16:11 IST" skipped="0">
  <testcase classname="testng_dependsonmethods" name="Demo1" time="0.018"/>
  <testcase classname="testng_dependsonmethods" name="Demo2" time="0.003"/>
  <testcase classname="testng_dependsonmethods" name="Demo" time="0.005"/>
  <testcase classname="testng_dependsonmethods" name="Demo3" time="0.002"/>
</testsuite> <!-- testng_dependsonmethods -->
