<?xml version="1.0" encoding="UTF-8"?>
<!-- Generated by org.testng.reporters.JUnitReportReporter -->
<testsuite hostname="LAPTOP-3624LDU7" failures="0" tests="6" name="smoke_fuction_intagratn_priority" time="0.042" errors="0" timestamp="2020-01-07T13:58:45 IST" skipped="0">
  <testcase classname="smoke_fuction_intagratn_priority" name="Demo3" time="0.002"/>
  <testcase classname="smoke_fuction_intagratn_priority" name="Demo1" time="0.002"/>
  <testcase classname="smoke_fuction_intagratn_priority" name="Demo5" time="0.006"/>
  <testcase classname="smoke_fuction_intagratn_priority" name="Demo2" time="0.019"/>
  <testcase classname="smoke_fuction_intagratn_priority" name="Demo4" time="0.009"/>
  <testcase classname="smoke_fuction_intagratn_priority" name="Demo" time="0.004"/>
</testsuite> <!-- smoke_fuction_intagratn_priority -->
