<?xml version="1.0" encoding="UTF-8"?>
<!-- Generated by org.testng.reporters.JUnitReportReporter -->
<testsuite hostname="LAPTOP-3624LDU7" failures="0" tests="1" name="google_lister_assignmt" time="25.556" errors="0" timestamp="2020-01-08T07:53:21 IST" skipped="0">
  <testcase classname="google_lister_assignmt" name="demo" time="25.556"/>
</testsuite> <!-- google_lister_assignmt -->
