<?xml version="1.0" encoding="UTF-8"?>
<!-- Generated by org.testng.reporters.JUnitReportReporter -->
<testsuite hostname="LAPTOP-3624LDU7" failures="0" tests="3" name="dataprovider" time="0.021" errors="0" timestamp="2020-01-08T15:33:39 IST" skipped="0">
  <testcase classname="dataprovider" name="createUser" time="0.015"/>
  <testcase classname="dataprovider" name="createUser" time="0.004"/>
  <testcase classname="dataprovider" name="createUser" time="0.002"/>
</testsuite> <!-- dataprovider -->
