<?xml version="1.0" encoding="UTF-8"?>
<!-- Generated by org.testng.reporters.JUnitReportReporter -->
<testsuite hostname="LAPTOP-3624LDU7" failures="0" tests="3" name="testng_testcase_ignore_priority" time="32.408" errors="0" timestamp="2020-01-06T19:23:08 IST" skipped="1">
  <testcase classname="testng_testcase_ignore_priority" name="testcase3" time="18.173"/>
  <testcase classname="testng_testcase_ignore_priority" name="testcase1" time="14.235"/>
  <testcase classname="testng_testcase_ignore_priority" name="testcase2">
    <skipped/>
  </testcase> <!-- testcase2 -->
</testsuite> <!-- testng_testcase_ignore_priority -->
