<?xml version="1.0" encoding="UTF-8"?>
<!-- Generated by org.testng.reporters.JUnitReportReporter -->
<testsuite hostname="LAPTOP-3624LDU7" failures="0" tests="1" name="TestNgDemo" time="18.193" errors="0" timestamp="2020-01-06T18:34:51 IST" skipped="0">
  <testcase classname="TestNgDemo" name="demo" time="18.193"/>
</testsuite> <!-- TestNgDemo -->
