<?xml version="1.0" encoding="UTF-8"?>
<!-- Generated by org.testng.reporters.JUnitReportReporter -->
<testsuite hostname="LAPTOP-3624LDU7" failures="0" tests="2" name="Testngbefore_after_anotation" time="60.654" errors="0" timestamp="2020-01-06T18:30:59 IST" skipped="0">
  <testcase classname="Testngbefore_after_anotation" name="demo1" time="18.776"/>
  <testcase classname="Testngbefore_after_anotation" name="demo" time="41.878"/>
</testsuite> <!-- Testngbefore_after_anotation -->
