<?xml version="1.0" encoding="UTF-8"?>
<!-- Generated by org.testng.reporters.JUnitReportReporter -->
<testsuite hostname="LAPTOP-3624LDU7" failures="0" tests="2" name="demo2list" time="0.031" errors="0" timestamp="2020-01-07T15:34:12 IST" skipped="0">
  <testcase classname="demo2list" name="Demo1" time="0.003"/>
  <testcase classname="demo2list" name="Demo" time="0.028"/>
</testsuite> <!-- demo2list -->
