<?xml version="1.0" encoding="UTF-8"?>
<!-- Generated by org.testng.reporters.JUnitReportReporter -->
<testsuite hostname="LAPTOP-3624LDU7" failures="0" tests="1" name="validation_asertclass" time="0.031" errors="0" timestamp="2020-01-08T14:21:59 IST" skipped="0">
  <testcase classname="validation_asertclass" name="assertM" time="0.031"/>
</testsuite> <!-- validation_asertclass -->
